11/16/2022 10:02:31 AM - INFO -Logger.info : Estimating variables distribution.
11/16/2022 10:02:31 AM - INFO -Logger.info : class
11/16/2022 10:02:31 AM - INFO -Logger.info : [0.7027972 0.2972028]
11/16/2022 10:02:31 AM - INFO -Logger.info : age
11/16/2022 10:02:31 AM - INFO -Logger.info : [0.12587413 0.31468531 0.1993007  0.33566434 0.02097902 0.0034965 ]
11/16/2022 10:02:31 AM - INFO -Logger.info : menopause
11/16/2022 10:02:31 AM - INFO -Logger.info : [0.52447552 0.45104895 0.02447552]
11/16/2022 10:02:31 AM - INFO -Logger.info : tumor-size
11/16/2022 10:02:31 AM - INFO -Logger.info : [0.20979021 0.17482517 0.1048951  0.02797203 0.18881119 0.02797203
 0.0979021  0.07692308 0.06643357 0.01398601 0.01048951]
11/16/2022 10:02:31 AM - INFO -Logger.info : inv-nodes
11/16/2022 10:02:31 AM - INFO -Logger.info : [0.74475524 0.05944056 0.03496503 0.12587413 0.02097902 0.01048951
 0.0034965 ]
11/16/2022 10:02:31 AM - INFO -Logger.info : node-caps
11/16/2022 10:02:31 AM - INFO -Logger.info : [0.77622378 0.1958042  0.02797203]
11/16/2022 10:02:31 AM - INFO -Logger.info : deg-malig
11/16/2022 10:02:31 AM - INFO -Logger.info : [0.2972028  0.45454545 0.24825175]
11/16/2022 10:02:31 AM - INFO -Logger.info : breast
11/16/2022 10:02:31 AM - INFO -Logger.info : [0.53146853 0.46853147]
11/16/2022 10:02:31 AM - INFO -Logger.info : breast-quad
11/16/2022 10:02:31 AM - INFO -Logger.info : [0.38461538 0.11538462 0.33916084 0.08391608 0.07342657 0.0034965 ]
11/16/2022 10:02:31 AM - INFO -Logger.info : irradiat
11/16/2022 10:02:31 AM - INFO -Logger.info : [0.76223776 0.23776224]
