11/16/2022 10:02:31 AM - INFO -Logger.info : Experiment directory created.
11/16/2022 10:02:31 AM - INFO -Logger.info : Experiment directory created.
11/16/2022 10:02:31 AM - INFO -Logger.info : Method IM.
11/16/2022 10:02:31 AM - INFO -Logger.info : Method IM.
11/16/2022 10:02:31 AM - INFO -Logger.info : Processing UCI-Breast
11/16/2022 10:02:31 AM - INFO -Logger.info : Processing UCI-Breast
11/16/2022 10:02:31 AM - INFO -Logger.info : Estimating variables distribution.
11/16/2022 10:02:31 AM - INFO -Logger.info : class
11/16/2022 10:02:31 AM - INFO -Logger.info : [0.7027972 0.2972028]
11/16/2022 10:02:31 AM - INFO -Logger.info : age
11/16/2022 10:02:31 AM - INFO -Logger.info : [0.12587413 0.31468531 0.1993007  0.33566434 0.02097902 0.0034965 ]
11/16/2022 10:02:31 AM - INFO -Logger.info : menopause
11/16/2022 10:02:31 AM - INFO -Logger.info : [0.52447552 0.45104895 0.02447552]
11/16/2022 10:02:31 AM - INFO -Logger.info : tumor-size
11/16/2022 10:02:31 AM - INFO -Logger.info : [0.20979021 0.17482517 0.1048951  0.02797203 0.18881119 0.02797203
 0.0979021  0.07692308 0.06643357 0.01398601 0.01048951]
11/16/2022 10:02:31 AM - INFO -Logger.info : inv-nodes
11/16/2022 10:02:31 AM - INFO -Logger.info : [0.74475524 0.05944056 0.03496503 0.12587413 0.02097902 0.01048951
 0.0034965 ]
11/16/2022 10:02:31 AM - INFO -Logger.info : node-caps
11/16/2022 10:02:31 AM - INFO -Logger.info : [0.77622378 0.1958042  0.02797203]
11/16/2022 10:02:31 AM - INFO -Logger.info : deg-malig
11/16/2022 10:02:31 AM - INFO -Logger.info : [0.2972028  0.45454545 0.24825175]
11/16/2022 10:02:31 AM - INFO -Logger.info : breast
11/16/2022 10:02:31 AM - INFO -Logger.info : [0.53146853 0.46853147]
11/16/2022 10:02:31 AM - INFO -Logger.info : breast-quad
11/16/2022 10:02:31 AM - INFO -Logger.info : [0.38461538 0.11538462 0.33916084 0.08391608 0.07342657 0.0034965 ]
11/16/2022 10:02:31 AM - INFO -Logger.info : irradiat
11/16/2022 10:02:31 AM - INFO -Logger.info : [0.76223776 0.23776224]
11/16/2022 10:02:31 AM - INFO -Logger.info : Sampling synthetic dataset ... 
11/16/2022 10:02:31 AM - INFO -Logger.info : Sampling synthetic dataset ... 
11/16/2022 10:02:31 AM - INFO -Logger.info : Sampling synthetic dataset ... 
11/16/2022 10:02:31 AM - INFO -Logger.info : Sampling synthetic dataset ... 
11/16/2022 10:02:31 AM - INFO -Logger.info : Results stored in ../outputs/demo/IM/IndependentMarginals.pkl
11/16/2022 10:02:31 AM - INFO -Logger.info : Results stored in ../outputs/demo/IM/IndependentMarginals.pkl
11/16/2022 10:02:31 AM - INFO -Logger.info : Method MPoM.
11/16/2022 10:02:31 AM - INFO -Logger.info : Method MPoM.
11/16/2022 10:02:31 AM - INFO -Logger.info : Processing UCI-Breast
11/16/2022 10:02:31 AM - INFO -Logger.info : Processing UCI-Breast
11/16/2022 10:02:31 AM - INFO -Logger.info : Estimating variables distribution.
11/16/2022 10:02:31 AM - INFO -Logger.info : age: 6 levels
11/16/2022 10:02:31 AM - INFO -Logger.info : breast: 2 levels
11/16/2022 10:02:31 AM - INFO -Logger.info : breast-quad: 6 levels
11/16/2022 10:02:31 AM - INFO -Logger.info : class: 2 levels
11/16/2022 10:02:31 AM - INFO -Logger.info : deg-malig: 3 levels
11/16/2022 10:02:31 AM - INFO -Logger.info : inv-nodes: 7 levels
11/16/2022 10:02:31 AM - INFO -Logger.info : irradiat: 2 levels
11/16/2022 10:02:31 AM - INFO -Logger.info : menopause: 3 levels
11/16/2022 10:02:31 AM - INFO -Logger.info : node-caps: 3 levels
11/16/2022 10:02:31 AM - INFO -Logger.info : tumor-size: 11 levels
11/16/2022 10:02:31 AM - INFO -Logger.info : Gibbs iteration: 0 of 100
11/16/2022 10:02:32 AM - INFO -Logger.info : Done with Gibbs inference
11/16/2022 10:02:32 AM - INFO -Logger.info : Sampling synthetic dataset ... 
11/16/2022 10:02:32 AM - INFO -Logger.info : Sampling synthetic dataset ... 
11/16/2022 10:02:32 AM - INFO -Logger.info : Sampling synthetic dataset ... 
11/16/2022 10:02:32 AM - INFO -Logger.info : Sampling synthetic dataset ... 
11/16/2022 10:02:32 AM - INFO -Logger.info : Results stored in ../outputs/demo/MPoM/MixtureProductMultinomials.pkl
11/16/2022 10:02:32 AM - INFO -Logger.info : Results stored in ../outputs/demo/MPoM/MixtureProductMultinomials.pkl
11/16/2022 10:02:32 AM - INFO -Logger.info : Method MICE-DT.
11/16/2022 10:02:32 AM - INFO -Logger.info : Method MICE-DT.
11/16/2022 10:02:32 AM - INFO -Logger.info : Processing UCI-Breast
11/16/2022 10:02:32 AM - INFO -Logger.info : Processing UCI-Breast
11/16/2022 10:02:32 AM - INFO -Logger.info : Estimating variables distribution.
11/16/2022 10:02:32 AM - INFO -Logger.info : Training completed.
11/16/2022 10:02:32 AM - INFO -Logger.info : Sampling synthetic dataset ... 
11/16/2022 10:02:32 AM - INFO -Logger.info : Sampling synthetic dataset ... 
11/16/2022 10:02:32 AM - INFO -Logger.info : Sampling synthetic dataset ... 
11/16/2022 10:02:32 AM - INFO -Logger.info : Sampling synthetic dataset ... 
11/16/2022 10:02:33 AM - INFO -Logger.info : Results stored in ../outputs/demo/MICE-DT/MICE.pkl
11/16/2022 10:02:33 AM - INFO -Logger.info : Results stored in ../outputs/demo/MICE-DT/MICE.pkl
11/16/2022 10:02:33 AM - INFO -Logger.info : Method MICE-LR.
11/16/2022 10:02:33 AM - INFO -Logger.info : Method MICE-LR.
11/16/2022 10:02:33 AM - INFO -Logger.info : Processing UCI-Breast
11/16/2022 10:02:33 AM - INFO -Logger.info : Processing UCI-Breast
11/16/2022 10:02:33 AM - INFO -Logger.info : Estimating variables distribution.
11/16/2022 10:02:33 AM - INFO -Logger.info : Training completed.
11/16/2022 10:02:33 AM - INFO -Logger.info : Sampling synthetic dataset ... 
11/16/2022 10:02:33 AM - INFO -Logger.info : Sampling synthetic dataset ... 
11/16/2022 10:02:33 AM - INFO -Logger.info : Sampling synthetic dataset ... 
11/16/2022 10:02:33 AM - INFO -Logger.info : Sampling synthetic dataset ... 
11/16/2022 10:02:33 AM - INFO -Logger.info : Results stored in ../outputs/demo/MICE-LR/MICE.pkl
11/16/2022 10:02:33 AM - INFO -Logger.info : Results stored in ../outputs/demo/MICE-LR/MICE.pkl
11/16/2022 10:02:33 AM - INFO -Logger.info : Method CLGP.
11/16/2022 10:02:33 AM - INFO -Logger.info : Method CLGP.
11/16/2022 10:02:33 AM - INFO -Logger.info : Processing UCI-Breast
11/16/2022 10:02:33 AM - INFO -Logger.info : Processing UCI-Breast
11/16/2022 10:02:33 AM - INFO -Logger.info : The categorical levels are [ 6  2  6  2  3  7  2  3  3 11]
11/16/2022 10:02:34 AM - WARNING -deprecation.new_func : From /Users/changj12/opt/anaconda3/lib/python3.9/site-packages/tensorflow_probability/python/distributions/distribution.py:342: MultivariateNormalFullCovariance.__init__ (from tensorflow_probability.python.distributions.mvn_full_covariance) is deprecated and will be removed after 2019-12-01.
Instructions for updating:
`MultivariateNormalFullCovariance` is deprecated, use `MultivariateNormalTriL(loc=loc, scale_tril=tf.linalg.cholesky(covariance_matrix))` instead.
11/16/2022 10:05:51 AM - INFO -Logger.info : Sampling synthetic dataset ... 
11/16/2022 10:05:51 AM - INFO -Logger.info : Sampling synthetic dataset ... 
11/16/2022 10:06:00 AM - INFO -Logger.info : Sampling synthetic dataset ... 
11/16/2022 10:06:00 AM - INFO -Logger.info : Sampling synthetic dataset ... 
11/16/2022 10:06:01 AM - INFO -Logger.info : Results stored in ../outputs/demo/CLGP/CLGP.pkl
11/16/2022 10:06:01 AM - INFO -Logger.info : Results stored in ../outputs/demo/CLGP/CLGP.pkl
